# JRE version: Java(TM) SE Runtime Environment (8.0_101-b13) (build 1.8.0_101-b13)
# Java VM: Java HotSpot(TM) 64-Bit Server VM (25.101-b13 mixed mode windows-amd64 compressed oops)
Heap:
 PSYoungGen      total 527360K, used 384968K [0x000000076e000000, 0x000000078fc80000, 0x00000007c0000000)
  eden space 510464K, 75% used [0x000000076e000000,0x00000007857f2368,0x000000078d280000)
  from space 16896K, 0% used [0x000000078e380000,0x000000078e380000,0x000000078f400000)
  to   space 17408K, 0% used [0x000000078d280000,0x000000078d280000,0x000000078e380000)
 ParOldGen       total 130560K, used 32653K [0x00000006ca000000, 0x00000006d1f80000, 0x000000076e000000)
  object space 130560K, 25% used [0x00000006ca000000,0x00000006cbfe3458,0x00000006d1f80000)
 Metaspace       used 63208K, capacity 66142K, committed 66264K, reserved 1107968K
  class space    used 8062K, capacity 8619K, committed 8704K, reserved 1048576K
GC Heap History (10 events):
Event: 7.944 GC heap before
{Heap before GC invocations=11 (full 2):
 PSYoungGen      total 249856K, used 6365K [0x000000076e000000, 0x0000000785e80000, 0x00000007c0000000)
  eden space 237056K, 0% used [0x000000076e000000,0x000000076e000000,0x000000077c780000)
  from space 12800K, 49% used [0x000000077c780000,0x000000077cdb75a8,0x000000077d400000)
  to   space 12288K, 0% used [0x0000000785280000,0x0000000785280000,0x0000000785e80000)
 ParOldGen       total 72192K, used 6277K [0x00000006ca000000, 0x00000006ce680000, 0x000000076e000000)
  object space 72192K, 8% used [0x00000006ca000000,0x00000006ca6215b8,0x00000006ce680000)
 Metaspace       used 33558K, capacity 35294K, committed 35456K, reserved 1079296K
  class space    used 4296K, capacity 4623K, committed 4736K, reserved 1048576K
Event: 8.009 GC heap after
Heap after GC invocations=11 (full 2):
 PSYoungGen      total 249856K, used 0K [0x000000076e000000, 0x0000000785e80000, 0x00000007c0000000)
  eden space 237056K, 0% used [0x000000076e000000,0x000000076e000000,0x000000077c780000)
  from space 12800K, 0% used [0x000000077c780000,0x000000077c780000,0x000000077d400000)
  to   space 12288K, 0% used [0x0000000785280000,0x0000000785280000,0x0000000785e80000)
 ParOldGen       total 90112K, used 11862K [0x00000006ca000000, 0x00000006cf800000, 0x000000076e000000)
  object space 90112K, 13% used [0x00000006ca000000,0x00000006cab95810,0x00000006cf800000)
 Metaspace       used 33558K, capacity 35294K, committed 35456K, reserved 1079296K
  class space    used 4296K, capacity 4623K, committed 4736K, reserved 1048576K
}
Event: 9.535 GC heap before
{Heap before GC invocations=12 (full 2):
 PSYoungGen      total 249856K, used 237056K [0x000000076e000000, 0x0000000785e80000, 0x00000007c0000000)
  eden space 237056K, 100% used [0x000000076e000000,0x000000077c780000,0x000000077c780000)
  from space 12800K, 0% used [0x000000077c780000,0x000000077c780000,0x000000077d400000)
  to   space 12288K, 0% used [0x0000000785280000,0x0000000785280000,0x0000000785e80000)
 ParOldGen       total 90112K, used 11862K [0x00000006ca000000, 0x00000006cf800000, 0x000000076e000000)
  object space 90112K, 13% used [0x00000006ca000000,0x00000006cab95810,0x00000006cf800000)
 Metaspace       used 38022K, capacity 40008K, committed 40192K, reserved 1083392K
  class space    used 4891K, capacity 5260K, committed 5376K, reserved 1048576K
Event: 9.543 GC heap after
Heap after GC invocations=12 (full 2):
 PSYoungGen      total 362496K, used 11068K [0x000000076e000000, 0x0000000785d80000, 0x00000007c0000000)
  eden space 351232K, 0% used [0x000000076e000000,0x000000076e000000,0x0000000783700000)
  from space 11264K, 98% used [0x0000000785280000,0x0000000785d4f148,0x0000000785d80000)
  to   space 13312K, 0% used [0x0000000784380000,0x0000000784380000,0x0000000785080000)
 ParOldGen       total 90112K, used 11870K [0x00000006ca000000, 0x00000006cf800000, 0x000000076e000000)
  object space 90112K, 13% used [0x00000006ca000000,0x00000006cab97810,0x00000006cf800000)
 Metaspace       used 38022K, capacity 40008K, committed 40192K, reserved 1083392K
  class space    used 4891K, capacity 5260K, committed 5376K, reserved 1048576K
}
Event: 12.192 GC heap before
{Heap before GC invocations=13 (full 2):
 PSYoungGen      total 362496K, used 362300K [0x000000076e000000, 0x0000000785d80000, 0x00000007c0000000)
  eden space 351232K, 100% used [0x000000076e000000,0x0000000783700000,0x0000000783700000)
  from space 11264K, 98% used [0x0000000785280000,0x0000000785d4f148,0x0000000785d80000)
  to   space 13312K, 0% used [0x0000000784380000,0x0000000784380000,0x0000000785080000)
 ParOldGen       total 90112K, used 11870K [0x00000006ca000000, 0x00000006cf800000, 0x000000076e000000)
  object space 90112K, 13% used [0x00000006ca000000,0x00000006cab97810,0x00000006cf800000)
 Metaspace       used 47160K, capacity 49450K, committed 49664K, reserved 1091584K
  class space    used 6207K, capacity 6615K, committed 6656K, reserved 1048576K
Event: 12.205 GC heap after
Heap after GC invocations=13 (full 2):
 PSYoungGen      total 377344K, used 13310K [0x000000076e000000, 0x000000078f400000, 0x00000007c0000000)
  eden space 364032K, 0% used [0x000000076e000000,0x000000076e000000,0x0000000784380000)
  from space 13312K, 99% used [0x0000000784380000,0x000000078507f948,0x0000000785080000)
  to   space 16896K, 0% used [0x000000078e380000,0x000000078e380000,0x000000078f400000)
 ParOldGen       total 90112K, used 17637K [0x00000006ca000000, 0x00000006cf800000, 0x000000076e000000)
  object space 90112K, 19% used [0x00000006ca000000,0x00000006cb139590,0x00000006cf800000)
 Metaspace       used 47160K, capacity 49450K, committed 49664K, reserved 1091584K
  class space    used 6207K, capacity 6615K, committed 6656K, reserved 1048576K
}
Event: 19.158 GC heap before
{Heap before GC invocations=14 (full 2):
 PSYoungGen      total 377344K, used 298071K [0x000000076e000000, 0x000000078f400000, 0x00000007c0000000)
  eden space 364032K, 78% used [0x000000076e000000,0x000000077f6162e0,0x0000000784380000)
  from space 13312K, 99% used [0x0000000784380000,0x000000078507f948,0x0000000785080000)
  to   space 16896K, 0% used [0x000000078e380000,0x000000078e380000,0x000000078f400000)
 ParOldGen       total 90112K, used 17637K [0x00000006ca000000, 0x00000006cf800000, 0x000000076e000000)
  object space 90112K, 19% used [0x00000006ca000000,0x00000006cb139590,0x00000006cf800000)
 Metaspace       used 56615K, capacity 59066K, committed 59096K, reserved 1101824K
  class space    used 7202K, capacity 7663K, committed 7680K, reserved 1048576K
Event: 19.181 GC heap after
Heap after GC invocations=14 (full 2):
 PSYoungGen      total 527360K, used 12402K [0x000000076e000000, 0x000000078fc80000, 0x00000007c0000000)
  eden space 510464K, 0% used [0x000000076e000000,0x000000076e000000,0x000000078d280000)
  from space 16896K, 73% used [0x000000078e380000,0x000000078ef9ca58,0x000000078f400000)
  to   space 17408K, 0% used [0x000000078d280000,0x000000078d280000,0x000000078e380000)
 ParOldGen       total 90112K, used 24131K [0x00000006ca000000, 0x00000006cf800000, 0x000000076e000000)
  object space 90112K, 26% used [0x00000006ca000000,0x00000006cb790c90,0x00000006cf800000)
 Metaspace       used 56615K, capacity 59066K, committed 59096K, reserved 1101824K
  class space    used 7202K, capacity 7663K, committed 7680K, reserved 1048576K
}
Event: 19.181 GC heap before
{Heap before GC invocations=15 (full 3):
 PSYoungGen      total 527360K, used 12402K [0x000000076e000000, 0x000000078fc80000, 0x00000007c0000000)
  eden space 510464K, 0% used [0x000000076e000000,0x000000076e000000,0x000000078d280000)
  from space 16896K, 73% used [0x000000078e380000,0x000000078ef9ca58,0x000000078f400000)
  to   space 17408K, 0% used [0x000000078d280000,0x000000078d280000,0x000000078e380000)
 ParOldGen       total 90112K, used 24131K [0x00000006ca000000, 0x00000006cf800000, 0x000000076e000000)
  object space 90112K, 26% used [0x00000006ca000000,0x00000006cb790c90,0x00000006cf800000)
 Metaspace       used 56615K, capacity 59066K, committed 59096K, reserved 1101824K
  class space    used 7202K, capacity 7663K, committed 7680K, reserved 1048576K
Event: 19.352 GC heap after
Heap after GC invocations=15 (full 3):
 PSYoungGen      total 527360K, used 0K [0x000000076e000000, 0x000000078fc80000, 0x00000007c0000000)
  eden space 510464K, 0% used [0x000000076e000000,0x000000076e000000,0x000000078d280000)
  from space 16896K, 0% used [0x000000078e380000,0x000000078e380000,0x000000078f400000)
  to   space 17408K, 0% used [0x000000078d280000,0x000000078d280000,0x000000078e380000)
 ParOldGen       total 130560K, used 32653K [0x00000006ca000000, 0x00000006d1f80000, 0x000000076e000000)
  object space 130560K, 25% used [0x00000006ca000000,0x00000006cbfe3458,0x00000006d1f80000)
 Metaspace       used 56615K, capacity 59066K, committed 59096K, reserved 1101824K
  class space    used 7202K, capacity 7663K, committed 7680K, reserved 1048576K
}

